<?xml version="1.0" encoding="UTF-8"?>
<!-- Generated by org.testng.reporters.JUnitXMLReporter -->
<testsuite ignored="0" hostname="ERGODE-An-56" failures="0" tests="11" name="Test" time="31.817" errors="0" timestamp="2020-03-11T10:14:05 IST">
  <testcase classname="Testcases.Bikes" name="FailTestCaseTry" time="0.023"/>
  <testcase classname="Testcases.Bikes" name="Honda" time="0.005"/>
  <testcase classname="Testcases.Bikes" name="Pulsar" time="0.015"/>
  <testcase classname="Testcases.Bikes" name="Yamaha" time="0.005"/>
  <testcase classname="Testcases.Name" name="Animal" time="0.017"/>
  <testcase classname="Testcases.Name" name="Place" time="0.014"/>
  <testcase classname="Testcases.Name" name="PrintName" time="0.01"/>
  <testcase classname="Testcases.Name" name="Thing" time="0.016"/>
  <testcase classname="Testcases.HomePageTest" name="verifyHeaderText" time="0.397"/>
  <testcase classname="Testcases.HomePageTest" name="verifyHomePageURL" time="0.147"/>
  <testcase classname="Testcases.HomePageTest" name="verifyModulesName" time="3.917"/>
</testsuite> <!-- Test -->
