<?xml version="1.0" encoding="UTF-8"?>
<!-- Generated by org.testng.reporters.JUnitXMLReporter -->
<testsuite hostname="ERGODE-AN-61" failures="0" tests="11" name="Test" time="18.755" errors="0" timestamp="6 Feb 2020 11:31:23 GMT">
  <testcase classname="Testcases.Bikes" name="FailTestCaseTry" time="0.005"/>
  <testcase classname="Testcases.Bikes" name="Honda" time="0.0"/>
  <testcase classname="Testcases.Bikes" name="Pulsar" time="0.0"/>
  <testcase classname="Testcases.Bikes" name="Yamaha" time="0.004"/>
  <testcase classname="Testcases.Name" name="Animal" time="0.0"/>
  <testcase classname="Testcases.Name" name="Place" time="0.001"/>
  <testcase classname="Testcases.Name" name="PrintName" time="0.006"/>
  <testcase classname="Testcases.Name" name="Thing" time="0.0"/>
  <testcase classname="Testcases.HomePageTest" name="verifyHeaderText" time="0.209"/>
  <testcase classname="Testcases.HomePageTest" name="verifyHomePageURL" time="0.016"/>
  <testcase classname="Testcases.HomePageTest" name="verifyModulesName" time="1.211"/>
</testsuite> <!-- Test -->
